  main_file.cpp
C:\Users\Lenovo\Desktop\en_szkielet_12_win (2) (1)\en_szkielet_12_win (5)\en_szkielet_12_win\main_file.cpp(135,7): warning C4101: "rotation": lokalna zmienna, do której nie istnieje odwołanie
C:\Users\Lenovo\Desktop\en_szkielet_12_win (2) (1)\en_szkielet_12_win (5)\en_szkielet_12_win\main_file.cpp(209,33): warning C4305: "inicjowanie": obcięcie z "double" do "float"
C:\Users\Lenovo\Desktop\en_szkielet_12_win (2) (1)\en_szkielet_12_win (5)\en_szkielet_12_win\main_file.cpp(389,31): warning C4244: "argument": konwersja z "double" do "_Ty", możliwa utrata danych
          with
          [
              _Ty=float
          ]
C:\Users\Lenovo\Desktop\en_szkielet_12_win (2) (1)\en_szkielet_12_win (5)\en_szkielet_12_win\main_file.cpp(416,32): warning C4244: "argument": konwersja z "double" do "_Ty", możliwa utrata danych
          with
          [
              _Ty=float
          ]
C:\Users\Lenovo\Desktop\en_szkielet_12_win (2) (1)\en_szkielet_12_win (5)\en_szkielet_12_win\main_file.cpp(436,32): warning C4244: "argument": konwersja z "double" do "_Ty", możliwa utrata danych
          with
          [
              _Ty=float
          ]
C:\Users\Lenovo\Desktop\en_szkielet_12_win (2) (1)\en_szkielet_12_win (5)\en_szkielet_12_win\main_file.cpp(513,22): warning C4244: "=": konwersja z "double" do "float", możliwa utrata danych
C:\Users\Lenovo\Desktop\en_szkielet_12_win (2) (1)\en_szkielet_12_win (5)\en_szkielet_12_win\main_file.cpp(578,24): warning C4244: "=": konwersja z "double" do "float", możliwa utrata danych
  en_szkielet_12_win.vcxproj -> C:\Users\Lenovo\Desktop\en_szkielet_12_win (2) (1)\en_szkielet_12_win (5)\en_szkielet_12_win\Debug\en_szkielet_12_win.exe
